c:\users\kenneth\desktop\poker\texasholdem\x64\debug\texas holdem.pch
c:\users\kenneth\desktop\poker\texasholdem\x64\debug\vc140.pdb
c:\users\kenneth\desktop\poker\texasholdem\x64\debug\vc140.idb
c:\users\kenneth\desktop\poker\texasholdem\x64\debug\stdafx.obj
c:\users\kenneth\desktop\poker\texasholdem\x64\debug\administrador.obj
c:\users\kenneth\desktop\poker\texasholdem\x64\debug\baraja.obj
c:\users\kenneth\desktop\poker\texasholdem\x64\debug\carta.obj
c:\users\kenneth\desktop\poker\texasholdem\x64\debug\interfaz.obj
c:\users\kenneth\desktop\poker\texasholdem\x64\debug\juego.obj
c:\users\kenneth\desktop\poker\texasholdem\x64\debug\jugada.obj
c:\users\kenneth\desktop\poker\texasholdem\x64\debug\jugador.obj
c:\users\kenneth\desktop\poker\texasholdem\x64\debug\main.obj
c:\users\kenneth\desktop\poker\x64\debug\texas holdem.ilk
c:\users\kenneth\desktop\poker\x64\debug\texas holdem.exe
c:\users\kenneth\desktop\poker\x64\debug\texas holdem.pdb
c:\users\kenneth\desktop\poker\texasholdem\x64\debug\texas holdem.tlog\cl.command.1.tlog
c:\users\kenneth\desktop\poker\texasholdem\x64\debug\texas holdem.tlog\cl.read.1.tlog
c:\users\kenneth\desktop\poker\texasholdem\x64\debug\texas holdem.tlog\cl.write.1.tlog
c:\users\kenneth\desktop\poker\texasholdem\x64\debug\texas holdem.tlog\link.command.1.tlog
c:\users\kenneth\desktop\poker\texasholdem\x64\debug\texas holdem.tlog\link.read.1.tlog
c:\users\kenneth\desktop\poker\texasholdem\x64\debug\texas holdem.tlog\link.write.1.tlog
